#
# A fatal error has been detected by the Java Runtime Environment:
#
#  Internal Error (safepoint.cpp:687), pid=7372, tid=11016
#  fatal error: Deadlock in safepoint code.  Should have called back to the VM before blocking.
#
# JRE version: Java(TM) SE Runtime Environment (8.0_71-b15) (build 1.8.0_71-b15)
# Java VM: Java HotSpot(TM) 64-Bit Server VM (25.71-b15 mixed mode windows-amd64 compressed oops)
# Failed to write core dump. Minidumps are not enabled by default on client versions of Windows
#
# If you would like to submit a bug report, please visit:
#   http://bugreport.java.com/bugreport/crash.jsp
#

---------------  T H R E A D  ---------------

Current thread (0x000000001f13c800):  JavaThread "AWT-EventQueue-0" [_thread_in_native_trans, id=11016, stack(0x000000001fcb0000,0x000000001fdb0000)]

Stack: [0x000000001fcb0000,0x000000001fdb0000]
[error occurred during error reporting (printing stack bounds), id 0xc0000005]

Native frames: (J=compiled Java code, j=interpreted, Vv=VM code, C=native code)

Java frames: (J=compiled Java code, j=interpreted, Vv=VM code)
j  com.sun.jna.Native.write(J[BII)V+0
j  com.sun.jna.Pointer.write(J[BII)V+11
J 2404 C2 pspfs_v1.PSPv1Reader.extractMemory(Ljava/lang/String;Lcom/sun/jna/ptr/PointerByReference;)I (192 bytes) @ 0x0000000002feaedc [0x0000000002fea260+0xc7c]
j  main.MainWindow$5.valueChanged(Ljavax/swing/event/TreeSelectionEvent;)V+128
j  javax.swing.JTree.fireValueChanged(Ljavax/swing/event/TreeSelectionEvent;)V+35
j  javax.swing.JTree$TreeSelectionRedirector.valueChanged(Ljavax/swing/event/TreeSelectionEvent;)V+17
j  javax.swing.tree.DefaultTreeSelectionModel.fireValueChanged(Ljavax/swing/event/TreeSelectionEvent;)V+34
j  javax.swing.tree.DefaultTreeSelectionModel.notifyPathChange(Ljava/util/Vector;Ljavax/swing/tree/TreePath;)V+84
j  javax.swing.tree.DefaultTreeSelectionModel.setSelectionPaths([Ljavax/swing/tree/TreePath;)V+387
j  javax.swing.tree.DefaultTreeSelectionModel.setSelectionPath(Ljavax/swing/tree/TreePath;)V+23
j  javax.swing.JTree.setSelectionPath(Ljavax/swing/tree/TreePath;)V+5
j  javax.swing.plaf.basic.BasicTreeUI.selectPathForEvent(Ljavax/swing/tree/TreePath;Ljava/awt/event/MouseEvent;)V+266
j  javax.swing.plaf.basic.BasicTreeUI$Handler.handleSelection(Ljava/awt/event/MouseEvent;)V+136
j  javax.swing.plaf.basic.BasicTreeUI$Handler.mousePressed(Ljava/awt/event/MouseEvent;)V+129
j  java.awt.Component.processMouseEvent(Ljava/awt/event/MouseEvent;)V+54
j  javax.swing.JComponent.processMouseEvent(Ljava/awt/event/MouseEvent;)V+23
J 1124 C1 java.awt.Component.processEvent(Ljava/awt/AWTEvent;)V (220 bytes) @ 0x0000000002ba6d44 [0x0000000002ba6820+0x524]
J 1123 C1 java.awt.Container.processEvent(Ljava/awt/AWTEvent;)V (22 bytes) @ 0x0000000002ba638c [0x0000000002ba6060+0x32c]
J 1101 C1 java.awt.Component.dispatchEventImpl(Ljava/awt/AWTEvent;)V (883 bytes) @ 0x0000000002b8fbec [0x0000000002b8a6c0+0x552c]
J 969 C1 java.awt.Container.dispatchEventImpl(Ljava/awt/AWTEvent;)V (129 bytes) @ 0x0000000002b0130c [0x0000000002b011c0+0x14c]
J 2441 C2 java.awt.LightweightDispatcher.retargetMouseEvent(Ljava/awt/Component;ILjava/awt/event/MouseEvent;)V (350 bytes) @ 0x0000000002ff242c [0x0000000002ff1e80+0x5ac]
J 1196 C1 java.awt.LightweightDispatcher.processMouseEvent(Ljava/awt/event/MouseEvent;)Z (286 bytes) @ 0x0000000002bdc4a4 [0x0000000002bdad00+0x17a4]
J 1106 C1 java.awt.LightweightDispatcher.dispatchEvent(Ljava/awt/AWTEvent;)Z (73 bytes) @ 0x0000000002b9d07c [0x0000000002b9cc40+0x43c]
J 969 C1 java.awt.Container.dispatchEventImpl(Ljava/awt/AWTEvent;)V (129 bytes) @ 0x0000000002b012ac [0x0000000002b011c0+0xec]
J 1105 C1 java.awt.Window.dispatchEventImpl(Ljava/awt/AWTEvent;)V (23 bytes) @ 0x0000000002b9c3a4 [0x0000000002b9bdc0+0x5e4]
J 1031 C1 java.awt.EventQueue.dispatchEventImpl(Ljava/awt/AWTEvent;Ljava/lang/Object;)V (149 bytes) @ 0x0000000002b276bc [0x0000000002b25e40+0x187c]
J 1029 C1 java.awt.EventQueue$3.run()Ljava/lang/Void; (60 bytes) @ 0x0000000002b2521c [0x0000000002b25000+0x21c]
J 1028 C1 java.awt.EventQueue$3.run()Ljava/lang/Object; (5 bytes) @ 0x0000000002b24c8c [0x0000000002b24c00+0x8c]
v  ~StubRoutines::call_stub
J 844  java.security.AccessController.doPrivileged(Ljava/security/PrivilegedAction;Ljava/security/AccessControlContext;)Ljava/lang/Object; (0 bytes) @ 0x0000000002ab8966 [0x0000000002ab8900+0x66]
J 1089 C1 java.awt.EventQueue$4.run()Ljava/lang/Object; (5 bytes) @ 0x0000000002b82fb4 [0x0000000002b82b80+0x434]
v  ~StubRoutines::call_stub
J 844  java.security.AccessController.doPrivileged(Ljava/security/PrivilegedAction;Ljava/security/AccessControlContext;)Ljava/lang/Object; (0 bytes) @ 0x0000000002ab8966 [0x0000000002ab8900+0x66]
J 911 C1 java.awt.EventQueue.dispatchEvent(Ljava/awt/AWTEvent;)V (80 bytes) @ 0x0000000002adcabc [0x0000000002adbc00+0xebc]
J 1032 C1 java.awt.EventDispatchThread.pumpOneEventForFilters(I)V (295 bytes) @ 0x0000000002b2a64c [0x0000000002b28ac0+0x1b8c]
j  java.awt.EventDispatchThread.pumpEventsForFilter(ILjava/awt/Conditional;Ljava/awt/EventFilter;)V+35
j  java.awt.EventDispatchThread.pumpEventsForHierarchy(ILjava/awt/Conditional;Ljava/awt/Component;)V+11
j  java.awt.EventDispatchThread.pumpEvents(ILjava/awt/Conditional;)V+4
j  java.awt.EventDispatchThread.pumpEvents(Ljava/awt/Conditional;)V+3
j  java.awt.EventDispatchThread.run()V+9
v  ~StubRoutines::call_stub

---------------  P R O C E S S  ---------------

Java Threads: ( => current thread )
  0x000000001f2c6800 JavaThread "TimerQueue" daemon [_thread_blocked, id=10048, stack(0x0000000027400000,0x0000000027500000)]
  0x000000001f26b000 JavaThread "Swing-Shell" daemon [_thread_blocked, id=11944, stack(0x0000000025b10000,0x0000000025c10000)]
  0x000000001f235000 JavaThread "D3D Screen Updater" daemon [_thread_blocked, id=9464, stack(0x00000000255a0000,0x00000000256a0000)]
  0x00000000026f0800 JavaThread "DestroyJavaVM" [_thread_blocked, id=5936, stack(0x00000000025f0000,0x00000000026f0000)]
=>0x000000001f13c800 JavaThread "AWT-EventQueue-0" [_thread_in_native_trans, id=11016, stack(0x000000001fcb0000,0x000000001fdb0000)]
  0x000000001f135000 JavaThread "AWT-Windows" daemon [_thread_blocked, id=1420, stack(0x000000001fac0000,0x000000001fbc0000)]
  0x000000001f134800 JavaThread "AWT-Shutdown" [_thread_blocked, id=720, stack(0x000000001f9c0000,0x000000001fac0000)]
  0x000000001e7a5800 JavaThread "Java2D Disposer" daemon [_thread_blocked, id=12016, stack(0x000000001f8c0000,0x000000001f9c0000)]
  0x000000001e477800 JavaThread "Service Thread" daemon [_thread_blocked, id=12120, stack(0x000000001edb0000,0x000000001eeb0000)]
  0x000000001e3ea800 JavaThread "C1 CompilerThread3" daemon [_thread_blocked, id=5240, stack(0x000000001ecb0000,0x000000001edb0000)]
  0x000000001e3ea000 JavaThread "C2 CompilerThread2" daemon [_thread_blocked, id=11540, stack(0x000000001ebb0000,0x000000001ecb0000)]
  0x000000001e3e0800 JavaThread "C2 CompilerThread1" daemon [_thread_blocked, id=10292, stack(0x000000001eab0000,0x000000001ebb0000)]
  0x000000001e3da000 JavaThread "C2 CompilerThread0" daemon [_thread_blocked, id=4428, stack(0x000000001e9b0000,0x000000001eab0000)]
  0x000000001e3d6800 JavaThread "Attach Listener" daemon [_thread_blocked, id=6168, stack(0x000000001e8b0000,0x000000001e9b0000)]
  0x000000001c2be800 JavaThread "Signal Dispatcher" daemon [_thread_blocked, id=6724, stack(0x000000001e7b0000,0x000000001e8b0000)]
  0x00000000027e8800 JavaThread "Finalizer" daemon [_thread_blocked, id=10676, stack(0x000000001e1a0000,0x000000001e2a0000)]
  0x00000000027e2000 JavaThread "Reference Handler" daemon [_thread_blocked, id=6440, stack(0x000000001e0a0000,0x000000001e1a0000)]

Other Threads:
  0x000000001c2a9000 VMThread [stack: 0x000000001dfa0000,0x000000001e0a0000] [id=9436]
  0x000000001e4a2000 WatcherThread [stack: 0x000000001eeb0000,0x000000001efb0000] [id=11940]

VM state:synchronizing (normal execution)

VM Mutex/Monitor currently owned by a thread:  ([mutex/lock_event])
[0x00000000025ec930] Threads_lock - owner thread: 0x000000001c2a9000

Heap:
 PSYoungGen      total 239616K, used 1480K [0x000000076b100000, 0x000000077b380000, 0x00000007c0000000)
  eden space 239104K, 0% used [0x000000076b100000,0x000000076b200048,0x0000000779a80000)
  from space 512K, 89% used [0x000000077b300000,0x000000077b372020,0x000000077b380000)
  to   space 8192K, 0% used [0x000000077a380000,0x000000077a380000,0x000000077ab80000)
 ParOldGen       total 175104K, used 27815K [0x00000006c1200000, 0x00000006cbd00000, 0x000000076b100000)
  object space 175104K, 15% used [0x00000006c1200000,0x00000006c2d29c00,0x00000006cbd00000)
 Metaspace       used 14960K, capacity 15202K, committed 15360K, reserved 1062912K
  class space    used 1907K, capacity 1965K, committed 2048K, reserved 1048576K

Card table byte_map: [0x0000000011bb0000,0x00000000123b0000] byte_map_base: 0x000000000e5a7000

Marking Bits: (ParMarkBitMap*) 0x000000007330f600
 Begin Bits: [0x0000000013100000, 0x00000000170b8000)
 End Bits:   [0x00000000170b8000, 0x000000001b070000)

Polling page: 0x00000000024f0000

CodeCache: size=245760Kb used=8105Kb max_used=8156Kb free=237654Kb
 bounds [0x00000000027f0000, 0x0000000003000000, 0x00000000117f0000]
 total_blobs=2882 nmethods=2346 adapters=447
 compilation: enabled

Compilation events (10 events):
Event: 58.920 Thread 0x000000001e3ea800 nmethod 2445 0x0000000002fe4410 code [0x0000000002fe46c0, 0x0000000002fe5bc8]
Event: 58.920 Thread 0x000000001e3ea800 2446       3       javax.swing.JFrame::getGraphics (9 bytes)
Event: 58.920 Thread 0x000000001e3ea800 nmethod 2446 0x00000000029df890 code [0x00000000029dfa20, 0x00000000029dff78]
Event: 60.478 Thread 0x000000001e3ea800 2447       3       java.lang.Integer::stringSize (21 bytes)
Event: 60.478 Thread 0x000000001e3ea800 nmethod 2447 0x0000000002911850 code [0x00000000029119c0, 0x0000000002911bd0]
Event: 60.478 Thread 0x000000001e3ea800 2448       3       java.lang.Integer::getChars (131 bytes)
Event: 60.478 Thread 0x000000001e3ea800 nmethod 2448 0x00000000029ab8d0 code [0x00000000029aba60, 0x00000000029abed0]
Event: 60.960 Thread 0x000000001e3ea800 2449       3       com.sun.jna.Pointer::hashCode (18 bytes)
Event: 60.961 Thread 0x000000001e3ea800 nmethod 2449 0x00000000029d3410 code [0x00000000029d3560, 0x00000000029d36d0]
Event: 60.962 Thread 0x000000001e3ea800 2450       3       java.util.WeakHashMap::remove (133 bytes)

GC Heap History (10 events):
Event: 31.441 GC heap before
{Heap before GC invocations=4 (full 0):
 PSYoungGen      total 76288K, used 69502K [0x000000076b100000, 0x0000000774600000, 0x00000007c0000000)
  eden space 65536K, 100% used [0x000000076b100000,0x000000076f100000,0x000000076f100000)
  from space 10752K, 36% used [0x000000076f100000,0x000000076f4dfbe8,0x000000076fb80000)
  to   space 10752K, 0% used [0x0000000773b80000,0x0000000773b80000,0x0000000774600000)
 ParOldGen       total 175104K, used 40K [0x00000006c1200000, 0x00000006cbd00000, 0x000000076b100000)
  object space 175104K, 0% used [0x00000006c1200000,0x00000006c120a000,0x00000006cbd00000)
 Metaspace       used 13611K, capacity 13786K, committed 13952K, reserved 1060864K
  class space    used 1776K, capacity 1837K, committed 1920K, reserved 1048576K
Event: 31.445 GC heap after
Heap after GC invocations=4 (full 0):
 PSYoungGen      total 141824K, used 4166K [0x000000076b100000, 0x0000000774600000, 0x00000007c0000000)
  eden space 131072K, 0% used [0x000000076b100000,0x000000076b100000,0x0000000773100000)
  from space 10752K, 38% used [0x0000000773b80000,0x0000000773f91bf8,0x0000000774600000)
  to   space 10752K, 0% used [0x0000000773100000,0x0000000773100000,0x0000000773b80000)
 ParOldGen       total 175104K, used 48K [0x00000006c1200000, 0x00000006cbd00000, 0x000000076b100000)
  object space 175104K, 0% used [0x00000006c1200000,0x00000006c120c000,0x00000006cbd00000)
 Metaspace       used 13611K, capacity 13786K, committed 13952K, reserved 1060864K
  class space    used 1776K, capacity 1837K, committed 1920K, reserved 1048576K
}
Event: 35.983 GC heap before
{Heap before GC invocations=5 (full 0):
 PSYoungGen      total 141824K, used 135238K [0x000000076b100000, 0x0000000774600000, 0x00000007c0000000)
  eden space 131072K, 100% used [0x000000076b100000,0x0000000773100000,0x0000000773100000)
  from space 10752K, 38% used [0x0000000773b80000,0x0000000773f91bf8,0x0000000774600000)
  to   space 10752K, 0% used [0x0000000773100000,0x0000000773100000,0x0000000773b80000)
 ParOldGen       total 175104K, used 48K [0x00000006c1200000, 0x00000006cbd00000, 0x000000076b100000)
  object space 175104K, 0% used [0x00000006c1200000,0x00000006c120c000,0x00000006cbd00000)
 Metaspace       used 13736K, capacity 13954K, committed 14208K, reserved 1060864K
  class space    used 1780K, capacity 1869K, committed 1920K, reserved 1048576K
Event: 35.986 GC heap after
Heap after GC invocations=5 (full 0):
 PSYoungGen      total 141824K, used 3134K [0x000000076b100000, 0x000000077ba00000, 0x00000007c0000000)
  eden space 131072K, 0% used [0x000000076b100000,0x000000076b100000,0x0000000773100000)
  from space 10752K, 29% used [0x0000000773100000,0x000000077340fbd8,0x0000000773b80000)
  to   space 4608K, 0% used [0x000000077b580000,0x000000077b580000,0x000000077ba00000)
 ParOldGen       total 175104K, used 56K [0x00000006c1200000, 0x00000006cbd00000, 0x000000076b100000)
  object space 175104K, 0% used [0x00000006c1200000,0x00000006c120e000,0x00000006cbd00000)
 Metaspace       used 13736K, capacity 13954K, committed 14208K, reserved 1060864K
  class space    used 1780K, capacity 1869K, committed 1920K, reserved 1048576K
}
Event: 41.200 GC heap before
{Heap before GC invocations=6 (full 0):
 PSYoungGen      total 141824K, used 134206K [0x000000076b100000, 0x000000077ba00000, 0x00000007c0000000)
  eden space 131072K, 100% used [0x000000076b100000,0x0000000773100000,0x0000000773100000)
  from space 10752K, 29% used [0x0000000773100000,0x000000077340fbd8,0x0000000773b80000)
  to   space 4608K, 0% used [0x000000077b580000,0x000000077b580000,0x000000077ba00000)
 ParOldGen       total 175104K, used 56K [0x00000006c1200000, 0x00000006cbd00000, 0x000000076b100000)
  object space 175104K, 0% used [0x00000006c1200000,0x00000006c120e000,0x00000006cbd00000)
 Metaspace       used 14908K, capacity 15138K, committed 15360K, reserved 1062912K
  class space    used 1907K, capacity 1965K, committed 2048K, reserved 1048576K
Event: 41.203 GC heap after
Heap after GC invocations=6 (full 0):
 PSYoungGen      total 263680K, used 4582K [0x000000076b100000, 0x000000077c000000, 0x00000007c0000000)
  eden space 259072K, 0% used [0x000000076b100000,0x000000076b100000,0x000000077ae00000)
  from space 4608K, 99% used [0x000000077b580000,0x000000077b9f9bd8,0x000000077ba00000)
  to   space 7680K, 0% used [0x000000077ae00000,0x000000077ae00000,0x000000077b580000)
 ParOldGen       total 175104K, used 5011K [0x00000006c1200000, 0x00000006cbd00000, 0x000000076b100000)
  object space 175104K, 2% used [0x00000006c1200000,0x00000006c16e4fa8,0x00000006cbd00000)
 Metaspace       used 14908K, capacity 15138K, committed 15360K, reserved 1062912K
  class space    used 1907K, capacity 1965K, committed 2048K, reserved 1048576K
}
Event: 49.882 GC heap before
{Heap before GC invocations=7 (full 0):
 PSYoungGen      total 263680K, used 263654K [0x000000076b100000, 0x000000077c000000, 0x00000007c0000000)
  eden space 259072K, 100% used [0x000000076b100000,0x000000077ae00000,0x000000077ae00000)
  from space 4608K, 99% used [0x000000077b580000,0x000000077b9f9bd8,0x000000077ba00000)
  to   space 7680K, 0% used [0x000000077ae00000,0x000000077ae00000,0x000000077b580000)
 ParOldGen       total 175104K, used 5011K [0x00000006c1200000, 0x00000006cbd00000, 0x000000076b100000)
  object space 175104K, 2% used [0x00000006c1200000,0x00000006c16e4fa8,0x00000006cbd00000)
 Metaspace       used 14925K, capacity 15138K, committed 15360K, reserved 1062912K
  class space    used 1907K, capacity 1965K, committed 2048K, reserved 1048576K
Event: 49.886 GC heap after
Heap after GC invocations=7 (full 0):
 PSYoungGen      total 253952K, used 4616K [0x000000076b100000, 0x000000077b600000, 0x00000007c0000000)
  eden space 248832K, 0% used [0x000000076b100000,0x000000076b100000,0x000000077a400000)
  from space 5120K, 90% used [0x000000077ae00000,0x000000077b282030,0x000000077b300000)
  to   space 3072K, 0% used [0x000000077b300000,0x000000077b300000,0x000000077b600000)
 ParOldGen       total 175104K, used 15494K [0x00000006c1200000, 0x00000006cbd00000, 0x000000076b100000)
  object space 175104K, 8% used [0x00000006c1200000,0x00000006c2121bd0,0x00000006cbd00000)
 Metaspace       used 14925K, capacity 15138K, committed 15360K, reserved 1062912K
  class space    used 1907K, capacity 1965K, committed 2048K, reserved 1048576K
}
Event: 60.946 GC heap before
{Heap before GC invocations=8 (full 0):
 PSYoungGen      total 253952K, used 253448K [0x000000076b100000, 0x000000077b600000, 0x00000007c0000000)
  eden space 248832K, 100% used [0x000000076b100000,0x000000077a400000,0x000000077a400000)
  from space 5120K, 90% used [0x000000077ae00000,0x000000077b282030,0x000000077b300000)
  to   space 3072K, 0% used [0x000000077b300000,0x000000077b300000,0x000000077b600000)
 ParOldGen       total 175104K, used 15494K [0x00000006c1200000, 0x00000006cbd00000, 0x000000076b100000)
  object space 175104K, 8% used [0x00000006c1200000,0x00000006c2121bd0,0x00000006cbd00000)
 Metaspace       used 14959K, capacity 15202K, committed 15360K, reserved 1062912K
  class space    used 1907K, capacity 1965K, committed 2048K, reserved 1048576K
Event: 60.956 GC heap after
Heap after GC invocations=8 (full 0):
 PSYoungGen      total 239616K, used 456K [0x000000076b100000, 0x000000077b380000, 0x00000007c0000000)
  eden space 239104K, 0% used [0x000000076b100000,0x000000076b100000,0x0000000779a80000)
  from space 512K, 89% used [0x000000077b300000,0x000000077b372020,0x000000077b380000)
  to   space 8192K, 0% used [0x000000077a380000,0x000000077a380000,0x000000077ab80000)
 ParOldGen       total 175104K, used 27815K [0x00000006c1200000, 0x00000006cbd00000, 0x000000076b100000)
  object space 175104K, 15% used [0x00000006c1200000,0x00000006c2d29c00,0x00000006cbd00000)
 Metaspace       used 14959K, capacity 15202K, committed 15360K, reserved 1062912K
  class space    used 1907K, capacity 1965K, committed 2048K, reserved 1048576K
}

Deoptimization events (10 events):
Event: 37.629 Thread 0x000000001f13c800 Uncommon trap: reason=class_check action=maybe_recompile pc=0x0000000002cca200 method=java.lang.StringCoding$StringDecoder.decode([BII)[C @ 30
Event: 37.638 Thread 0x000000001f13c800 Uncommon trap: reason=speculate_class_check action=maybe_recompile pc=0x0000000002e38164 method=java.lang.Object.toString()Ljava/lang/String; @ 23
Event: 37.641 Thread 0x000000001f13c800 Uncommon trap: reason=speculate_class_check action=maybe_recompile pc=0x0000000002e38164 method=java.lang.Object.toString()Ljava/lang/String; @ 23
Event: 37.641 Thread 0x000000001f13c800 Uncommon trap: reason=speculate_class_check action=maybe_recompile pc=0x0000000002e38164 method=java.lang.Object.toString()Ljava/lang/String; @ 23
Event: 37.641 Thread 0x000000001f13c800 Uncommon trap: reason=speculate_class_check action=maybe_recompile pc=0x0000000002e38164 method=java.lang.Object.toString()Ljava/lang/String; @ 23
Event: 37.643 Thread 0x000000001f13c800 Uncommon trap: reason=unstable_if action=reinterpret pc=0x0000000002a20b48 method=java.util.HashMap.getNode(ILjava/lang/Object;)Ljava/util/HashMap$Node; @ 62
Event: 37.643 Thread 0x000000001f13c800 Uncommon trap: reason=unstable_if action=reinterpret pc=0x0000000002a162a8 method=java.util.HashMap.getNode(ILjava/lang/Object;)Ljava/util/HashMap$Node; @ 62
Event: 37.902 Thread 0x000000001f13c800 Uncommon trap: reason=unstable_if action=reinterpret pc=0x0000000002ecfdac method=javax.swing.tree.DefaultTreeCellRenderer.getTreeCellRendererComponent(Ljavax/swing/JTree;Ljava/lang/Object;ZZZIZ)Ljava/awt/Component; @ 114
Event: 37.902 Thread 0x000000001f13c800 Uncommon trap: reason=unstable_if action=reinterpret pc=0x0000000002df3540 method=javax.swing.tree.DefaultTreeCellRenderer.firePropertyChange(Ljava/lang/String;Ljava/lang/Object;Ljava/lang/Object;)V @ 20
Event: 39.371 Thread 0x000000001f13c800 Uncommon trap: reason=unstable_if action=reinterpret pc=0x0000000002fcd5d0 method=main.ImagePanel.displayTX2Image(Lcom/sun/jna/Pointer;I)V @ 241

Internal exceptions (10 events):
Event: 0.058 Thread 0x00000000026f0800 Exception <a 'java/security/PrivilegedActionException'> (0x000000076b18f0d0) thrown at [C:\re\workspace\8-2-build-windows-amd64-cygwin\jdk8u71\5731\hotspot\src\share\vm\prims\jvm.cpp, line 1386]
Event: 0.058 Thread 0x00000000026f0800 Exception <a 'java/security/PrivilegedActionException'> (0x000000076b18f2e0) thrown at [C:\re\workspace\8-2-build-windows-amd64-cygwin\jdk8u71\5731\hotspot\src\share\vm\prims\jvm.cpp, line 1386]
Event: 0.061 Thread 0x00000000026f0800 Exception <a 'java/io/FileNotFoundException'> (0x000000076b1925b8) thrown at [C:\re\workspace\8-2-build-windows-amd64-cygwin\jdk8u71\5731\hotspot\src\share\vm\prims\jni.cpp, line 709]
Event: 0.084 Thread 0x00000000026f0800 Exception <a 'java/lang/NoSuchFieldError': method resolution failed> (0x000000076b4ef670) thrown at [C:\re\workspace\8-2-build-windows-amd64-cygwin\jdk8u71\5731\hotspot\src\share\vm\prims\methodHandles.cpp, line 1146]
Event: 0.085 Thread 0x00000000026f0800 Exception <a 'java/lang/NoSuchFieldError': method resolution failed> (0x000000076b4fca40) thrown at [C:\re\workspace\8-2-build-windows-amd64-cygwin\jdk8u71\5731\hotspot\src\share\vm\prims\methodHandles.cpp, line 1146]
Event: 0.119 Thread 0x000000001f13c800 Exception <a 'java/io/FileNotFoundException'> (0x000000076b7755f8) thrown at [C:\re\workspace\8-2-build-windows-amd64-cygwin\jdk8u71\5731\hotspot\src\share\vm\prims\jni.cpp, line 709]
Event: 0.160 Thread 0x000000001f13c800 Implicit null exception at 0x0000000002958d1c to 0x0000000002958ef5
Event: 37.638 Thread 0x000000001f13c800 Exception <a 'java/lang/UnsatisfiedLinkError': Das angegebene Modul wurde nicht gefunden.
> (0x000000076b8673f8) thrown at [C:\re\workspace\8-2-build-windows-amd64-cygwin\jdk8u71\5731\hotspot\src\share\vm\prims\jni.cpp, line 735]
Event: 37.639 Thread 0x000000001f13c800 Exception <a 'java/lang/UnsatisfiedLinkError': Das angegebene Modul wurde nicht gefunden.
> (0x000000076b867978) thrown at [C:\re\workspace\8-2-build-windows-amd64-cygwin\jdk8u71\5731\hotspot\src\share\vm\prims\jni.cpp, line 735]
Event: 37.640 Thread 0x000000001f13c800 Exception <a 'java/lang/UnsatisfiedLinkError': Das angegebene Modul wurde nicht gefunden.
> (0x000000076b867ff0) thrown at [C:\re\workspace\8-2-build-windows-amd64-cygwin\jdk8u71\5731\hotspot\src\share\vm\prims\jni.cpp, line 735]

Events (10 events):
Event: 60.962 Thread 0x000000001e3ea800 flushing nmethod 0x0000000002ac5590
Event: 60.962 Executing VM operation: RevokeBias
Event: 60.962 Executing VM operation: RevokeBias done
Event: 60.962 Executing VM operation: RevokeBias
Event: 60.963 Executing VM operation: RevokeBias done
Event: 60.964 Executing VM operation: RevokeBias
Event: 60.964 Executing VM operation: RevokeBias done
Event: 60.965 Executing VM operation: RevokeBias
Event: 60.965 Executing VM operation: RevokeBias done
Event: 60.966 Executing VM operation: RevokeBias


Dynamic libraries:
0x00007ff68e960000 - 0x00007ff68e997000 	D:\Program Files\Java\jdk1.8.0_71\bin\javaw.exe
0x00007ffdfe3b0000 - 0x00007ffdfe572000 	C:\WINDOWS\SYSTEM32\ntdll.dll
0x00007ffdfe1f0000 - 0x00007ffdfe29d000 	C:\WINDOWS\system32\KERNEL32.DLL
0x00007ffdfb880000 - 0x00007ffdfba5d000 	C:\WINDOWS\system32\KERNELBASE.dll
0x00007ffdfe2a0000 - 0x00007ffdfe346000 	C:\WINDOWS\system32\ADVAPI32.dll
0x00007ffdfd230000 - 0x00007ffdfd2cd000 	C:\WINDOWS\system32\msvcrt.dll
0x00007ffdfe350000 - 0x00007ffdfe3ab000 	C:\WINDOWS\system32\sechost.dll
0x00007ffdfdcf0000 - 0x00007ffdfde16000 	C:\WINDOWS\system32\RPCRT4.dll
0x00007ffdfd5c0000 - 0x00007ffdfd70e000 	C:\WINDOWS\system32\USER32.dll
0x00007ffdfd430000 - 0x00007ffdfd5b6000 	C:\WINDOWS\system32\GDI32.dll
0x00007ffdf76c0000 - 0x00007ffdf7934000 	C:\WINDOWS\WinSxS\amd64_microsoft.windows.common-controls_6595b64144ccf1df_6.0.10240.16384_none_f41f7b285750ef43\COMCTL32.dll
0x00007ffdfdc80000 - 0x00007ffdfdcb6000 	C:\WINDOWS\system32\IMM32.DLL
0x00007ffdfd2d0000 - 0x00007ffdfd42c000 	C:\WINDOWS\system32\MSCTF.dll
0x000000006fd60000 - 0x000000006fe32000 	D:\Program Files\Java\jdk1.8.0_71\bin\msvcr100.dll
0x0000000072b00000 - 0x000000007338f000 	D:\Program Files\Java\jdk1.8.0_71\bin\server\jvm.dll
0x00007ffdfdcc0000 - 0x00007ffdfdcc8000 	C:\WINDOWS\system32\PSAPI.DLL
0x00007ffdf2960000 - 0x00007ffdf2969000 	C:\WINDOWS\SYSTEM32\WSOCK32.dll
0x00007ffdf8170000 - 0x00007ffdf817a000 	C:\WINDOWS\SYSTEM32\VERSION.dll
0x00007ffdf92c0000 - 0x00007ffdf92e3000 	C:\WINDOWS\SYSTEM32\WINMM.dll
0x00007ffdfe100000 - 0x00007ffdfe169000 	C:\WINDOWS\system32\WS2_32.dll
0x00007ffdfbcf0000 - 0x00007ffdfbcf8000 	C:\WINDOWS\system32\NSI.dll
0x00000000024c0000 - 0x00000000024ec000 	C:\WINDOWS\SYSTEM32\WINMMBASE.dll
0x00007ffdfb030000 - 0x00007ffdfb074000 	C:\WINDOWS\system32\cfgmgr32.dll
0x00007ffdf9750000 - 0x00007ffdf9777000 	C:\WINDOWS\SYSTEM32\DEVOBJ.dll
0x0000000072a10000 - 0x0000000072a1f000 	D:\Program Files\Java\jdk1.8.0_71\bin\verify.dll
0x00000000729e0000 - 0x0000000072a09000 	D:\Program Files\Java\jdk1.8.0_71\bin\java.dll
0x00000000729c0000 - 0x00000000729d6000 	D:\Program Files\Java\jdk1.8.0_71\bin\zip.dll
0x00007ffdfbd00000 - 0x00007ffdfd222000 	C:\WINDOWS\system32\SHELL32.dll
0x00007ffdfb080000 - 0x00007ffdfb6a8000 	C:\WINDOWS\system32\windows.storage.dll
0x00007ffdfd860000 - 0x00007ffdfdadc000 	C:\WINDOWS\system32\combase.dll
0x00007ffdfe170000 - 0x00007ffdfe1c1000 	C:\WINDOWS\system32\shlwapi.dll
0x00007ffdfade0000 - 0x00007ffdfadef000 	C:\WINDOWS\system32\kernel.appcore.dll
0x00007ffdfb7c0000 - 0x00007ffdfb873000 	C:\WINDOWS\system32\shcore.dll
0x00007ffdfae10000 - 0x00007ffdfae5a000 	C:\WINDOWS\system32\powrprof.dll
0x00007ffdfadc0000 - 0x00007ffdfadd3000 	C:\WINDOWS\system32\profapi.dll
0x0000000071fd0000 - 0x0000000072168000 	D:\Program Files\Java\jdk1.8.0_71\bin\awt.dll
0x00007ffdfde20000 - 0x00007ffdfdede000 	C:\WINDOWS\system32\OLEAUT32.dll
0x00007ffdf9390000 - 0x00007ffdf9408000 	C:\WINDOWS\system32\apphelp.dll
0x00007ffdf9690000 - 0x00007ffdf9726000 	C:\WINDOWS\system32\uxtheme.dll
0x00007ffdf8ac0000 - 0x00007ffdf8ae2000 	C:\WINDOWS\system32\dwmapi.dll
0x00007ffdfd710000 - 0x00007ffdfd851000 	C:\WINDOWS\system32\ole32.dll
0x00007ffdfabe0000 - 0x00007ffdfac4b000 	C:\WINDOWS\SYSTEM32\bcryptPrimitives.dll
0x00007ffde5920000 - 0x00007ffde5b30000 	C:\WINDOWS\system32\d3d9.dll
0x00007ffdcf850000 - 0x00007ffdd0899000 	C:\WINDOWS\SYSTEM32\nvd3dumx.dll
0x00007ffdeef70000 - 0x00007ffdef13c000 	C:\WINDOWS\system32\nvspcap64.dll
0x00007ffdfbb20000 - 0x00007ffdfbce5000 	C:\WINDOWS\system32\SETUPAPI.dll
0x00007ffdf8180000 - 0x00007ffdf8256000 	C:\WINDOWS\SYSTEM32\WINHTTP.dll
0x00007ffdf5520000 - 0x00007ffdf58c0000 	C:\WINDOWS\system32\nvapi64.dll
0x00007ffdf8480000 - 0x00007ffdf851c000 	C:\WINDOWS\SYSTEM32\dxgi.dll
0x00007ffdfa9e0000 - 0x00007ffdfaa0c000 	C:\WINDOWS\SYSTEM32\SspiCli.dll
0x00007ffdf4e40000 - 0x00007ffdf4f21000 	C:\Program Files (x86)\NVIDIA Corporation\3D Vision\nvSCPAPI64.dll
0x0000000071f80000 - 0x0000000071fc7000 	D:\Program Files\Java\jdk1.8.0_71\bin\fontmanager.dll
0x00000000729a0000 - 0x00000000729ba000 	D:\Program Files\Java\jdk1.8.0_71\bin\net.dll
0x00007ffdfa630000 - 0x00007ffdfa68d000 	C:\WINDOWS\system32\mswsock.dll
0x0000000072980000 - 0x0000000072991000 	D:\Program Files\Java\jdk1.8.0_71\bin\nio.dll
0x0000000071f30000 - 0x0000000071f72000 	D:\Program Files\Java\jdk1.8.0_71\bin\t2k.dll
0x00007ffdf7340000 - 0x00007ffdf73ea000 	C:\WINDOWS\WinSxS\amd64_microsoft.windows.common-controls_6595b64144ccf1df_5.82.10240.16384_none_0212ec7eba871e86\comctl32.dll
0x00007ffdfdae0000 - 0x00007ffdfdb85000 	C:\WINDOWS\system32\clbcatq.dll
0x00007ffdf8b20000 - 0x00007ffdf8ca3000 	C:\WINDOWS\SYSTEM32\PROPSYS.dll
0x00007ffdfa690000 - 0x00007ffdfa6a7000 	C:\WINDOWS\SYSTEM32\cryptsp.dll
0x00007ffdfacf0000 - 0x00007ffdfad18000 	C:\WINDOWS\SYSTEM32\bcrypt.dll
0x00007ffdfa2e0000 - 0x00007ffdfa313000 	C:\WINDOWS\system32\rsaenh.dll
0x00007ffdfa800000 - 0x00007ffdfa80b000 	C:\WINDOWS\SYSTEM32\CRYPTBASE.dll
0x00007ffde7900000 - 0x00007ffde7d6a000 	C:\Windows\System32\ActXPrxy.dll
0x00007ffdda720000 - 0x00007ffdda8c2000 	C:\WINDOWS\system32\NetworkExplorer.dll
0x00007ffdf9ff0000 - 0x00007ffdfa00c000 	C:\WINDOWS\SYSTEM32\MPR.dll
0x00007ffdf9350000 - 0x00007ffdf935b000 	C:\WINDOWS\System32\drprov.dll
0x00007ffdfa1e0000 - 0x00007ffdfa238000 	C:\WINDOWS\System32\WINSTA.dll
0x00007ffddc400000 - 0x00007ffddc416000 	C:\WINDOWS\System32\ntlanman.dll
0x00007ffddc3e0000 - 0x00007ffddc400000 	C:\WINDOWS\System32\davclnt.dll
0x00007ffddbfe0000 - 0x00007ffddbfec000 	C:\WINDOWS\System32\DAVHLPR.dll
0x00007ffdf7310000 - 0x00007ffdf7326000 	C:\WINDOWS\System32\wkscli.dll
0x00007ffded230000 - 0x00007ffded242000 	C:\WINDOWS\SYSTEM32\cscapi.dll
0x00007ffdfa040000 - 0x00007ffdfa04c000 	C:\WINDOWS\System32\netutils.dll
0x00000000736c0000 - 0x0000000073963000 	C:\Program Files (x86)\Norton Internet Security\Engine64\22.5.5.15\buShell.dll
0x00007ffde5620000 - 0x00007ffde56f4000 	C:\Program Files (x86)\Norton Internet Security\Engine64\22.5.5.15\MSVCR110.dll
0x00007ffde5700000 - 0x00007ffde57a7000 	C:\Program Files (x86)\Norton Internet Security\Engine64\22.5.5.15\MSVCP110.dll
0x00007ffdf5930000 - 0x00007ffdf5ad8000 	C:\WINDOWS\WinSxS\amd64_microsoft.windows.gdiplus_6595b64144ccf1df_1.1.10240.16603_none_89ad014f9af1a159\gdiplus.dll
0x00000000735c0000 - 0x00000000736bd000 	C:\Program Files (x86)\Norton Internet Security\Engine64\22.5.5.15\ccLib.dll
0x0000000073450000 - 0x0000000073471000 	C:\Program Files (x86)\Norton Internet Security\Engine64\22.5.5.15\ccVrTrst.dll
0x00007ffde55f0000 - 0x00007ffde5612000 	C:\Program Files (x86)\Norton Internet Security\Engine64\22.5.5.15\EFACli64.dll
0x0000000073390000 - 0x00000000733cd000 	C:\Program Files (x86)\Norton Internet Security\Engine64\22.5.5.15\ccIPC.dll
0x00007ffddca60000 - 0x00007ffddcadf000 	C:\Windows\System32\dlnashext.dll
0x00007ffdded70000 - 0x00007ffddede1000 	C:\Windows\System32\PlayToDevice.dll
0x00007ffddbfc0000 - 0x00007ffddbfde000 	C:\Windows\System32\DevDispItemProvider.dll
0x00007ffdf7a20000 - 0x00007ffdf7a92000 	C:\WINDOWS\System32\MMDevApi.dll
0x00007ffddb370000 - 0x00007ffddb573000 	C:\WINDOWS\system32\wpdshext.dll
0x00007ffdf8530000 - 0x00007ffdf85d1000 	C:\Windows\System32\PortableDeviceApi.dll
0x00007ffdfb6b0000 - 0x00007ffdfb704000 	C:\WINDOWS\system32\WINTRUST.dll
0x00007ffdfadf0000 - 0x00007ffdfae01000 	C:\WINDOWS\system32\MSASN1.dll
0x00007ffdfae60000 - 0x00007ffdfb021000 	C:\WINDOWS\system32\CRYPT32.dll
0x00007ffdee9e0000 - 0x00007ffdeea17000 	C:\Windows\System32\EhStorShell.dll
0x00007ffdda3e0000 - 0x00007ffdda406000 	C:\Windows\System32\EhStorAPI.dll
0x00007ffdf8cb0000 - 0x00007ffdf8cc3000 	C:\Windows\System32\WTSAPI32.dll
0x00007ffdedcb0000 - 0x00007ffdedcbd000 	C:\WINDOWS\SYSTEM32\LINKINFO.dll
0x00007ffdf4920000 - 0x00007ffdf4ad2000 	C:\WINDOWS\SYSTEM32\WindowsCodecs.dll
0x00007ffde4850000 - 0x00007ffde4896000 	C:\WINDOWS\system32\dataexchange.dll
0x00007ffdf2410000 - 0x00007ffdf2955000 	C:\WINDOWS\system32\d2d1.dll
0x00007ffdf9040000 - 0x00007ffdf9111000 	C:\WINDOWS\system32\dcomp.dll
0x00007ffdf8650000 - 0x00007ffdf88f3000 	C:\WINDOWS\system32\d3d11.dll
0x00007ffdf9780000 - 0x00007ffdf986e000 	C:\WINDOWS\system32\twinapi.appcore.dll
0x00007ffdfa4c0000 - 0x00007ffdfa4df000 	C:\WINDOWS\system32\USERENV.dll
0x00007ffdf8610000 - 0x00007ffdf8648000 	C:\WINDOWS\SYSTEM32\IPHLPAPI.DLL
0x00007ffdf8520000 - 0x00007ffdf852b000 	C:\WINDOWS\SYSTEM32\WINNSI.DLL
0x00007ffdf4430000 - 0x00007ffdf4446000 	C:\WINDOWS\SYSTEM32\dhcpcsvc6.DLL
0x00007ffdf4410000 - 0x00007ffdf442a000 	C:\WINDOWS\SYSTEM32\dhcpcsvc.DLL
0x00007ffde6b30000 - 0x00007ffde6b55000 	C:\Users\ProgSys\AppData\Local\Temp\jna-1355236595\jna5328656856343267664.dll
0x000000006b300000 - 0x000000006b3c0000 	D:\Users\ProgSys\pg_disatools\pg_pspfsExtractor\bin\libpg_disatools.dll
0x0000000061440000 - 0x000000006145c000 	D:\Program Files\mingw-w64\x86_64-5.3.0-win32-seh-rt_v4-rev0\mingw64\bin\libgcc_s_seh-1.dll
0x00000000298b0000 - 0x0000000029a15000 	D:\Program Files\mingw-w64\x86_64-5.3.0-win32-seh-rt_v4-rev0\mingw64\bin\libstdc++-6.dll

VM Arguments:
jvm_args: -Dfile.encoding=Cp1252 
java_command: main.MainWindow
java_class_path (initial): D:\Users\ProgSys\pg_disatools\pg_pspfsExtractor\bin;D:\Users\ProgSys\pg_disatools\dependencies\java\jna-4.2.1.jar
Launcher Type: SUN_STANDARD

Environment Variables:
PATH=D:/Program Files/Java/jdk1.8.0_71/bin/server;D:/Program Files/Java/jdk1.8.0_71/bin;D:/Program Files/Java/jdk1.8.0_71/lib/amd64;C:\ProgramData\Oracle\Java\javapath;c:\program files\java\jdk1.8.0_05\bin;d:\program files (x86)\activestate komodo edit 8\;c:\program files\common files\microsoft shared\windows live;c:\program files (x86)\common files\microsoft shared\windows live;c:\windows\system32;c:\windows;c:\windows\system32\wbem;c:\windows\system32\windowspowershell\v1.0\;c:\program files (x86)\windows live\shared;d:\program files\tortoisesvn\bin;c:\program files\common files\autodesk shared\;c:\program files (x86)\autodesk\backburner\;d:\program files (x86)\cmake\bin;d:\program files (x86)\windows kits\10\windows performance toolkit\;C:\Program Files (x86)\NVIDIA Corporation\PhysX\Common;C:\WINDOWS\system32\config\systemprofile\.dnx\bin;C:\Program Files\Microsoft DNX\Dnvm\;C:\Program Files (x86)\Skype\Phone\;D:\Program Files\mingw-w64\x86_64-5.3.0-win32-seh-rt_v4-rev0\mingw64\bin;D:\Ruby21\bin;D:\Users\ProgSys\Modding\Programme\eclipse_java;
USERNAME=ProgSys
OS=Windows_NT
PROCESSOR_IDENTIFIER=Intel64 Family 6 Model 60 Stepping 3, GenuineIntel



---------------  S Y S T E M  ---------------

OS: Windows 10.0 , 64 bit Build 10240 (10.0.10240.16384)

CPU:total 8 (4 cores per cpu, 2 threads per core) family 6 model 60 stepping 3, cmov, cx8, fxsr, mmx, sse, sse2, sse3, ssse3, sse4.1, sse4.2, popcnt, avx, avx2, aes, clmul, erms, lzcnt, ht, tsc, tscinvbit, bmi1, bmi2

Memory: 4k page, physical 16703488k(9962152k free), swap 33480704k(23419640k free)

vm_info: Java HotSpot(TM) 64-Bit Server VM (25.71-b15) for windows-amd64 JRE (1.8.0_71-b15), built on Dec 22 2015 18:15:55 by "java_re" with MS VC++ 10.0 (VS2010)

time: Sun Feb 28 22:06:39 2016
elapsed time: 61 seconds (0d 0h 1m 1s)

